2017-11-15 11:44:10: Inside index.js
2017-11-15 11:44:10: Listening on port 8099
2017-11-15 12:09:40: Inside index.js
2017-11-15 12:09:41: Listening on port 8099
2017-11-15 12:20:57: Inside index.js
2017-11-15 12:20:58: Listening on port 8099
2017-11-15 12:26:08: Inside index.js
2017-11-15 12:26:09: Inside index.js
2017-11-15 12:26:10: Inside index.js
2017-11-15 12:26:11: Inside index.js
2017-11-15 12:26:11: Inside index.js
2017-11-15 12:26:12: Inside index.js
2017-11-15 12:26:13: Inside index.js
2017-11-15 12:26:13: Inside index.js
2017-11-15 12:26:14: Inside index.js
2017-11-15 12:26:15: Inside index.js
2017-11-15 12:26:16: Inside index.js
2017-11-15 12:26:16: Inside index.js
2017-11-15 12:26:17: Inside index.js
2017-11-15 12:26:18: Inside index.js
2017-11-15 12:26:18: Inside index.js
2017-11-15 12:26:19: Inside index.js
2017-11-15 12:26:19: Inside index.js
2017-11-15 19:01:18: Inside index.js
2017-11-15 19:01:18: Listening on port 8099
2017-11-15 19:02:00: senderId : 1814660568576532
2017-11-15 19:02:00: 1814660568576532
2017-11-15 19:02:01: senderId : 303926986763806
2017-11-15 19:02:01: 303926986763806
2017-11-15 19:02:01: Error here:  { message: '(#100) No matching user found',
  type: 'OAuthException',
  code: 100,
  error_subcode: 2018001,
  fbtrace_id: 'D0w2/Upf97s' }
2017-11-15 19:02:01: senderId : 1814660568576532
2017-11-15 19:02:02: senderId : 1814660568576532
2017-11-15 19:02:04: senderId : 1814660568576532
2017-11-15 19:02:04: 1814660568576532
2017-11-15 19:02:05: senderId : 303926986763806
2017-11-15 19:02:05: 303926986763806
2017-11-15 19:02:05: Error here:  { message: '(#100) No matching user found',
  type: 'OAuthException',
  code: 100,
  error_subcode: 2018001,
  fbtrace_id: 'DN2o5U9AYc+' }
2017-11-15 19:02:05: senderId : 1814660568576532
2017-11-15 19:02:06: senderId : 1814660568576532
2017-11-19 10:36:14: senderId : 1814660568576532
2017-11-19 10:36:14: 1814660568576532
2017-11-19 10:36:15: senderId : 303926986763806
2017-11-19 10:36:15: 303926986763806
2017-11-19 10:36:15: senderId : 1814660568576532
2017-11-19 10:36:15: Error here:  { message: '(#100) No matching user found',
  type: 'OAuthException',
  code: 100,
  error_subcode: 2018001,
  fbtrace_id: 'HxsbQ8iwtCz' }
2017-11-19 10:36:16: senderId : 1814660568576532
2017-11-19 10:36:18: senderId : 1814660568576532
2017-11-19 10:36:18: 1814660568576532
2017-11-19 10:36:20: senderId : 303926986763806
2017-11-19 10:36:20: 303926986763806
2017-11-19 10:36:20: senderId : 1814660568576532
2017-11-19 10:36:20: Error here:  { message: '(#100) No matching user found',
  type: 'OAuthException',
  code: 100,
  error_subcode: 2018001,
  fbtrace_id: 'A+Diplq0WCN' }
2017-11-19 10:36:21: senderId : 1814660568576532
2017-11-19 10:36:22: senderId : 1814660568576532
2017-11-19 10:36:22: 1814660568576532
2017-11-19 10:36:23: senderId : 303926986763806
2017-11-19 10:36:23: 303926986763806
2017-11-19 10:36:23: senderId : 1814660568576532
2017-11-19 10:36:24: Error here:  { message: '(#100) No matching user found',
  type: 'OAuthException',
  code: 100,
  error_subcode: 2018001,
  fbtrace_id: 'GkkwNNzuTAF' }
2017-11-19 10:36:24: senderId : 1814660568576532
2017-11-19 10:36:31: senderId : 1814660568576532
2017-11-19 10:36:31: 1814660568576532
2017-11-19 10:36:32: senderId : 303926986763806
2017-11-19 10:36:32: 303926986763806
2017-11-19 10:36:33: Error here:  { message: '(#100) No matching user found',
  type: 'OAuthException',
  code: 100,
  error_subcode: 2018001,
  fbtrace_id: 'BQYOfit6smM' }
2017-11-19 10:36:33: senderId : 1814660568576532
2017-11-19 10:36:33: senderId : 1814660568576532
2017-11-19 10:36:36: senderId : 1814660568576532
2017-11-19 10:36:36: 1814660568576532
2017-11-19 10:36:37: senderId : 303926986763806
2017-11-19 10:36:37: 303926986763806
2017-11-19 10:36:38: Error here:  { message: '(#100) No matching user found',
  type: 'OAuthException',
  code: 100,
  error_subcode: 2018001,
  fbtrace_id: 'DJ5L4wYPWCE' }
2017-11-19 10:36:38: senderId : 1814660568576532
2017-11-19 10:36:38: senderId : 1814660568576532
2017-11-19 10:36:39: senderId : 1814660568576532
2017-11-19 10:36:39: 1814660568576532
2017-11-19 10:36:41: senderId : 303926986763806
2017-11-19 10:36:41: 303926986763806
2017-11-19 10:36:41: senderId : 1814660568576532
2017-11-19 10:36:41: Error here:  { message: '(#100) No matching user found',
  type: 'OAuthException',
  code: 100,
  error_subcode: 2018001,
  fbtrace_id: 'HW1CrTWCj6F' }
2017-11-19 10:36:41: senderId : 1814660568576532
2017-11-19 10:36:43: senderId : 1814660568576532
2017-11-19 10:36:43: 1814660568576532
2017-11-19 10:36:44: senderId : 303926986763806
2017-11-19 10:36:44: 303926986763806
2017-11-19 10:36:44: Error here:  { message: '(#100) No matching user found',
  type: 'OAuthException',
  code: 100,
  error_subcode: 2018001,
  fbtrace_id: 'G5ykAUGH+/J' }
2017-11-19 10:36:44: senderId : 1814660568576532
2017-11-19 10:36:44: senderId : 1814660568576532
2017-11-19 10:36:46: senderId : 1814660568576532
2017-11-19 10:36:46: 1814660568576532
2017-11-19 10:36:47: senderId : 303926986763806
2017-11-19 10:36:47: 303926986763806
2017-11-19 10:36:47: Error here:  { message: '(#100) No matching user found',
  type: 'OAuthException',
  code: 100,
  error_subcode: 2018001,
  fbtrace_id: 'Hghx2zXugNQ' }
2017-11-19 10:36:47: senderId : 1814660568576532
2017-11-19 10:36:48: senderId : 1814660568576532
2017-11-19 10:36:49: senderId : 1814660568576532
2017-11-19 10:36:49: 1814660568576532
2017-11-19 10:36:50: senderId : 303926986763806
2017-11-19 10:36:50: 303926986763806
2017-11-19 10:36:50: senderId : 1814660568576532
2017-11-19 10:36:50: Error here:  { message: '(#100) No matching user found',
  type: 'OAuthException',
  code: 100,
  error_subcode: 2018001,
  fbtrace_id: 'H03baBE7jHP' }
2017-11-19 10:36:51: senderId : 1814660568576532
2017-11-19 10:36:53: senderId : 1814660568576532
2017-11-19 10:36:54: senderId : 1814660568576532
2017-11-19 10:36:54: 1814660568576532
2017-11-19 10:36:55: senderId : 303926986763806
2017-11-19 10:36:55: 303926986763806
2017-11-19 10:36:56: Error here:  { message: '(#100) No matching user found',
  type: 'OAuthException',
  code: 100,
  error_subcode: 2018001,
  fbtrace_id: 'BY/v5zCf0Kb' }
2017-11-19 10:36:56: senderId : 1814660568576532
2017-11-19 10:36:56: senderId : 1814660568576532
2017-11-19 10:36:58: senderId : 1814660568576532
2017-11-19 10:36:58: 1814660568576532
2017-11-19 10:36:59: senderId : 303926986763806
2017-11-19 10:36:59: 303926986763806
2017-11-19 10:36:59: Error here:  { message: '(#100) No matching user found',
  type: 'OAuthException',
  code: 100,
  error_subcode: 2018001,
  fbtrace_id: 'BsuRfd5tFLV' }
2017-11-19 10:37:00: senderId : 1814660568576532
2017-11-19 10:37:00: senderId : 1814660568576532
2017-11-19 10:37:04: senderId : 1814660568576532
2017-11-19 10:37:04: 1814660568576532
2017-11-19 10:37:05: senderId : 303926986763806
2017-11-19 10:37:05: 303926986763806
2017-11-19 10:37:05: Error here:  { message: '(#100) No matching user found',
  type: 'OAuthException',
  code: 100,
  error_subcode: 2018001,
  fbtrace_id: 'GMi21U52Jlv' }
2017-11-19 10:37:06: senderId : 1814660568576532
2017-11-19 10:37:07: senderId : 1814660568576532
2017-11-19 10:37:10: senderId : 1814660568576532
2017-11-19 10:37:10: 1814660568576532
2017-11-19 10:37:10: 1814660568576532
2017-11-19 10:37:11: senderId : 303926986763806
2017-11-19 10:37:11: 303926986763806
2017-11-19 10:37:12: Error here:  { message: '(#100) No matching user found',
  type: 'OAuthException',
  code: 100,
  error_subcode: 2018001,
  fbtrace_id: 'HDyB6VU87I1' }
2017-11-19 10:37:12: senderId : 1814660568576532
2017-11-19 10:37:12: senderId : 1814660568576532
2017-11-19 10:37:12: senderId : 303926986763806
2017-11-19 10:37:12: 303926986763806
2017-11-19 10:37:12: senderId : 1814660568576532
2017-11-19 10:37:12: Error here:  { message: '(#100) No matching user found',
  type: 'OAuthException',
  code: 100,
  error_subcode: 2018001,
  fbtrace_id: 'FFcqSj9LXGl' }
2017-11-19 10:37:13: senderId : 1814660568576532
2017-11-19 10:37:55: senderId : 1814660568576532
2017-11-19 10:37:55: 1814660568576532
2017-11-19 10:37:57: senderId : 303926986763806
2017-11-19 10:37:57: senderId : 1814660568576532
2017-11-19 10:37:58: senderId : 1814660568576532
2017-11-19 10:38:10: senderId : 1814660568576532
2017-11-20 13:20:23: Inside index.js
2017-11-20 13:20:24: Listening on port 8099
2017-11-20 13:20:36: senderId : 1814660568576532
2017-11-20 13:20:36: 1814660568576532
2017-11-20 13:20:38: senderId : 303926986763806
2017-11-20 13:20:38: 303926986763806
2017-11-20 13:20:38: Error here:  { message: '(#100) No matching user found',
  type: 'OAuthException',
  code: 100,
  error_subcode: 2018001,
  fbtrace_id: 'GkTYekoF/Qo' }
2017-11-20 13:20:38: senderId : 1814660568576532
2017-11-20 13:20:40: senderId : 1814660568576532
2017-11-20 13:20:50: senderId : 1814660568576532
2017-11-20 13:20:50: 1814660568576532
2017-11-20 13:20:52: senderId : 303926986763806
2017-11-20 13:20:52: 303926986763806
2017-11-20 13:20:52: senderId : 1814660568576532
2017-11-20 13:20:52: Error here:  { message: '(#100) No matching user found',
  type: 'OAuthException',
  code: 100,
  error_subcode: 2018001,
  fbtrace_id: 'CI6mVWAOljF' }
2017-11-20 13:20:53: senderId : 1814660568576532
2017-11-20 13:21:43: Inside index.js
2017-11-20 13:21:44: Listening on port 8099
2017-11-20 13:21:50: senderId : 1814660568576532
2017-11-20 13:21:50: 1814660568576532
2017-11-20 13:21:51: senderId : 303926986763806
2017-11-20 13:21:51: 303926986763806
2017-11-20 13:21:52: senderId : 1814660568576532
2017-11-20 13:21:52: Error here:  { message: '(#100) No matching user found',
  type: 'OAuthException',
  code: 100,
  error_subcode: 2018001,
  fbtrace_id: 'FWZu6JZ2U/T' }
2017-11-20 13:21:52: senderId : 1814660568576532
2017-11-20 13:22:34: Inside index.js
2017-11-20 13:22:35: Listening on port 8099
2017-11-20 13:22:41: senderId : 1814660568576532
2017-11-20 13:22:41: 1814660568576532
2017-11-20 13:22:42: senderId : 303926986763806
2017-11-20 13:22:42: 303926986763806
2017-11-20 13:22:43: Error here:  { message: '(#100) No matching user found',
  type: 'OAuthException',
  code: 100,
  error_subcode: 2018001,
  fbtrace_id: 'HJ/Nd6wCo2e' }
2017-11-20 13:22:43: senderId : 1814660568576532
2017-11-20 13:22:44: senderId : 1814660568576532
2017-11-20 13:23:54: Inside index.js
2017-11-20 13:23:54: Listening on port 8099
2017-11-20 13:24:02: senderId : 1814660568576532
2017-11-20 13:24:02: 1814660568576532
2017-11-20 13:24:04: senderId : 303926986763806
2017-11-20 13:24:04: 303926986763806
2017-11-20 13:24:04: Error here:  { message: '(#100) No matching user found',
  type: 'OAuthException',
  code: 100,
  error_subcode: 2018001,
  fbtrace_id: 'H8mikkFWMQV' }
2017-11-20 13:24:04: senderId : 1814660568576532
2017-11-20 13:24:05: senderId : 1814660568576532
2017-11-20 13:25:16: Inside index.js
2017-11-20 13:25:16: Listening on port 8099
2017-11-20 13:25:19: senderId : 1814660568576532
2017-11-20 13:25:19: 1814660568576532
2017-11-20 13:25:20: senderId : 303926986763806
2017-11-20 13:25:20: 303926986763806
2017-11-20 13:25:21: senderId : 1814660568576532
2017-11-20 13:25:21: Error here:  { message: '(#100) No matching user found',
  type: 'OAuthException',
  code: 100,
  error_subcode: 2018001,
  fbtrace_id: 'CUqylWmbhh7' }
2017-11-20 13:25:21: senderId : 1814660568576532
2017-12-05 11:18:58: Inside index.js
2017-12-05 11:19:00: Listening on port 8099
2017-12-07 10:20:56: Inside index.js
2017-12-07 10:20:58: Listening on port 8099
2017-12-07 12:49:02: Inside index.js
2017-12-07 12:49:04: Listening on port 8099
2017-12-08 11:21:45: Inside index.js
2017-12-08 11:21:47: Listening on port 8099
2017-12-08 13:23:08: Inside index.js
2017-12-08 13:23:10: Listening on port 8099
2017-12-12 11:54:44: Inside index.js
2017-12-12 11:54:45: Listening on port 8099
2017-12-12 11:54:46: Error menu request :  { message: 'Your message couldn\'t be sent because it includes content that other people on Facebook have reported as abusive.',
  type: 'OAuthException',
  code: 368,
  error_data: 
   { sentry_block_data: 'AegCxn2u0IbCAtl1c01JUWfTn88dzzCLCcoa0DqsWCPl7D7oo3y8w0nKv4FeNbbZp43wYqNHfkY_zHi6byZT2esen6Rd0y2TTxsKN9l7iWXfgSAR7w1DhNmxpwELytDlMc8EKUdPbIWcgpoBZ2t4BTamwEbE6o1hC7VxQzVWHDgLhWtLmC_607aGEbyMSgu6Tv005Gn-dgLWJvNxAF6u65IVgMvO3WOPl7ZE3aOZOI2W5oD3lXLuGY95ovdWSiYZF61atcovIzmqTL63QZAswzpJua-Dx4WwXl0Y3wSiP0WLzNrvgf_Yndy47FAmStIVd1Z5bmiCSpJnBu1r1GYvT48l',
     help_center_id: 0 },
  error_subcode: 1346003,
  error_user_msg: '',
  fbtrace_id: 'ENkhpHHwe9H' }
2017-12-19 09:50:02: senderId : 1814660568576532
2017-12-19 09:50:02: 1814660568576532
2017-12-19 09:50:03: senderId : 303926986763806
2017-12-19 09:50:03: 303926986763806
2017-12-19 09:50:04: Error here:  { message: '(#100) No matching user found',
  type: 'OAuthException',
  code: 100,
  error_subcode: 2018001,
  fbtrace_id: 'CkZr8tX9Mhb' }
2017-12-19 09:50:04: senderId : 1814660568576532
2017-12-19 09:54:14: senderId : 1814660568576532
2017-12-19 09:54:15: senderId : 1814660568576532
2017-12-19 09:54:15: 1814660568576532
2017-12-19 09:54:16: senderId : 303926986763806
2017-12-19 09:54:16: 303926986763806
2017-12-19 09:54:16: Error here:  { message: '(#100) No matching user found',
  type: 'OAuthException',
  code: 100,
  error_subcode: 2018001,
  fbtrace_id: 'CO7vsPseqqU' }
2017-12-19 09:54:17: senderId : 1814660568576532
2017-12-19 09:54:17: senderId : 1814660568576532
2017-12-19 09:54:31: senderId : 1814660568576532
2017-12-19 09:54:31: 1814660568576532
2017-12-19 09:54:32: senderId : 303926986763806
2017-12-19 09:54:32: 303926986763806
2017-12-19 09:54:32: Error here:  { message: '(#100) No matching user found',
  type: 'OAuthException',
  code: 100,
  error_subcode: 2018001,
  fbtrace_id: 'AB4LY+S7x+y' }
2017-12-19 09:54:32: senderId : 1814660568576532
2017-12-19 09:54:42: senderId : 1814660568576532
2017-12-19 09:54:48: senderId : 1814660568576532
2017-12-19 09:54:48: 1814660568576532
2017-12-19 09:54:49: senderId : 303926986763806
2017-12-19 09:54:49: 303926986763806
2017-12-19 09:54:50: Error here:  { message: '(#100) No matching user found',
  type: 'OAuthException',
  code: 100,
  error_subcode: 2018001,
  fbtrace_id: 'CSusSp1QVE0' }
2017-12-19 09:54:50: senderId : 1814660568576532
2017-12-19 09:54:55: senderId : 1814660568576532
2018-01-07 17:28:56: Inside index.js
2018-01-07 17:28:58: Listening on port 8099
2018-01-07 17:28:58: Error menu request :  { message: 'Your message couldn\'t be sent because it includes content that other people on Facebook have reported as abusive.',
  type: 'OAuthException',
  code: 368,
  error_data: 
   { sentry_block_data: 'AejHl7vwFNtUx9O4OXmq02mIWu_5uUr6U9HAvULF061P6DyJe9orqJ8Q8cVhnra9ANHrpOWHLLx_x9wTHvVXbt-baAsqxBT6UrundMiM16DPHBy5Ynowuv3JkmZTyunBTA99AJyzKCl1Y-p9C2J-oHhGNgFGSZEqbF-nZMv7t_Dpuc6kELToi6bzsZ-A8hS6q2EhLdVpWHcdmyaGamMnN0RYvV2VnZ9kDZ9p8QKJ4Y6VLOopwkW_xOobq3tmEl8_oE6wj0vDIpc_4xSG6H7AbjJXncKjUS9jiT4S2xd7SrONdFByMAOtQxVd2oA74sSapN-oscmrhEBY_I5KnIi7hffL',
     help_center_id: 0 },
  error_subcode: 1346003,
  error_user_msg: '',
  fbtrace_id: 'CGjn7clMOxv' }
2018-01-16 17:02:29: senderId : 1814660568576532
2018-01-16 17:02:29: 1814660568576532
2018-01-16 17:02:30: senderId : 303926986763806
2018-01-16 17:02:30: 303926986763806
2018-01-16 17:02:30: Error here:  { message: '(#100) No matching user found',
  type: 'OAuthException',
  code: 100,
  error_subcode: 2018001,
  fbtrace_id: 'BUmG2ob98FL' }
2018-01-16 17:02:30: senderId : 1814660568576532
2018-01-16 17:39:38: senderId : 1841646342544648
2018-01-16 17:39:53: senderId : 1648357358536150
2018-01-16 17:39:53: 1648357358536150
2018-01-16 17:39:54: senderId : 1841646342544648
2018-01-16 17:39:54: 1841646342544648
2018-01-16 17:39:55: senderId : 303926986763806
2018-01-16 17:39:55: 303926986763806
2018-01-16 17:39:55: Error here:  { message: '(#100) No matching user found',
  type: 'OAuthException',
  code: 100,
  error_subcode: 2018001,
  fbtrace_id: 'AZJdKYphFYE' }
2018-01-16 17:39:55: senderId : 1648357358536150
2018-01-16 17:39:56: senderId : 303926986763806
2018-01-16 17:39:56: 303926986763806
2018-01-16 17:39:56: Error here:  { message: '(#100) No matching user found',
  type: 'OAuthException',
  code: 100,
  error_subcode: 2018001,
  fbtrace_id: 'Dbjj5sb7e+N' }
2018-01-16 17:39:56: senderId : 1841646342544648
2018-01-16 17:39:57: senderId : 1841646342544648
2018-01-16 17:42:28: senderId : 1648357358536150
2018-01-16 17:42:28: 1648357358536150
2018-01-16 17:42:29: senderId : 303926986763806
2018-01-16 17:42:29: 303926986763806
2018-01-16 17:42:29: Error here:  { message: '(#100) No matching user found',
  type: 'OAuthException',
  code: 100,
  error_subcode: 2018001,
  fbtrace_id: 'HLLlSst09kk' }
2018-01-16 17:42:30: senderId : 1648357358536150
2018-01-16 17:42:34: senderId : 1648357358536150
2018-01-16 17:42:34: 1648357358536150
2018-01-16 17:42:36: senderId : 303926986763806
2018-01-16 17:42:36: 303926986763806
2018-01-16 17:42:36: Error here:  { message: '(#100) No matching user found',
  type: 'OAuthException',
  code: 100,
  error_subcode: 2018001,
  fbtrace_id: 'DOCMVIkbKhC' }
2018-01-16 17:42:36: senderId : 1648357358536150
2018-01-16 17:43:47: senderId : 1648357358536150
2018-01-16 17:43:47: 1648357358536150
2018-01-16 17:43:48: senderId : 303926986763806
2018-01-16 17:43:48: 303926986763806
2018-01-16 17:43:49: Inside index.js
2018-01-16 17:43:51: Inside index.js
2018-01-16 17:43:52: Inside index.js
2018-01-16 17:43:53: Inside index.js
2018-01-16 17:43:54: Inside index.js
2018-01-16 17:43:54: Inside index.js
2018-01-16 17:43:55: Inside index.js
2018-01-16 17:43:56: Inside index.js
2018-01-16 17:43:56: Inside index.js
2018-01-16 17:43:57: Inside index.js
2018-01-16 17:43:57: Inside index.js
2018-01-16 17:43:58: Inside index.js
2018-01-16 17:43:58: Inside index.js
2018-01-16 17:43:59: Inside index.js
2018-01-16 17:43:59: Inside index.js
2018-01-16 17:44:00: Inside index.js
2018-01-16 17:44:01: Inside index.js
2018-01-16 17:44:01: Inside index.js
2018-01-17 12:08:16: Inside index.js
2018-01-17 12:08:16: Listening on port 8099
2018-01-17 12:08:17: Error menu request :  { message: 'Your message couldn\'t be sent because it includes content that other people on Facebook have reported as abusive.',
  type: 'OAuthException',
  code: 368,
  error_data: 
   { sentry_block_data: 'Aeic28BMsnmXHh89W7y7q8vy_bH3VhR_oF95ky3X_mDh427moCL0B9tQskL3B34rUCB_XM23Oqx0nt4NrooYNiUuvj-iOrxcaBoTPoiqzr7K-dq-lCyiiyGr5f14SJtCWUXAM-kgZsFx7mnvLv57-YSvdMmYeTpcDpDm0Zc_5KwGIhOYtyXOlHNLRiTHoQoOtfS3rz8q8IOB9naHJgHfpdI5z9bK9bT_lLC4d5kk-jWhw6D-3bbCo8MIuuxfsip6sUt8a8WzWHzADsZOutVxroZTe3bZDyvekS0PJABYvtR_2EorUfMIKkn23Quax_WpGuV7djBY3AprKxCcTR1qx5Iq',
     help_center_id: 0 },
  error_subcode: 1346003,
  error_user_msg: '',
  fbtrace_id: 'ACB3UhwQlGW' }
2018-01-17 12:08:51: 1814660568576532
2018-01-17 12:08:53: 303926986763806
2018-01-17 12:08:53: Error here:  { message: '(#100) No matching user found',
  type: 'OAuthException',
  code: 100,
  error_subcode: 2018001,
  fbtrace_id: 'GHNy+dkNlxo' }
2018-01-17 12:08:58: 1814660568576532
2018-01-17 12:09:00: 303926986763806
2018-01-17 12:09:00: Error here:  { message: '(#100) No matching user found',
  type: 'OAuthException',
  code: 100,
  error_subcode: 2018001,
  fbtrace_id: 'G2mogEgxyO+' }
2018-01-17 12:09:14: 1814660568576532
2018-01-17 12:09:24: 1814660568576532
2018-01-17 12:09:25: 303926986763806
2018-01-17 12:09:25: Error here:  { message: '(#100) No matching user found',
  type: 'OAuthException',
  code: 100,
  error_subcode: 2018001,
  fbtrace_id: 'AybtbXoN0bp' }
2018-01-17 12:09:41: 1814660568576532
2018-01-17 12:09:42: 303926986763806
2018-01-17 12:09:42: Error here:  { message: '(#100) No matching user found',
  type: 'OAuthException',
  code: 100,
  error_subcode: 2018001,
  fbtrace_id: 'EvbcckfkFaA' }
2018-01-17 12:09:50: 1814660568576532
2018-01-17 12:09:52: 303926986763806
2018-01-17 12:09:52: Error here:  { message: '(#100) No matching user found',
  type: 'OAuthException',
  code: 100,
  error_subcode: 2018001,
  fbtrace_id: 'EDm7ul/6Evq' }
2018-01-17 12:10:04: 1814660568576532
2018-01-17 12:10:06: 303926986763806
2018-01-17 12:10:06: Error here:  { message: '(#100) No matching user found',
  type: 'OAuthException',
  code: 100,
  error_subcode: 2018001,
  fbtrace_id: 'HL+jfxETbok' }
2018-01-17 12:10:09: 1814660568576532
2018-01-17 12:10:10: 303926986763806
2018-01-17 12:10:10: Error here:  { message: '(#100) No matching user found',
  type: 'OAuthException',
  code: 100,
  error_subcode: 2018001,
  fbtrace_id: 'GpmkvDiNsz4' }
2018-01-17 12:10:14: 1814660568576532
2018-01-17 12:10:15: 303926986763806
2018-01-17 12:10:16: Error here:  { message: '(#100) No matching user found',
  type: 'OAuthException',
  code: 100,
  error_subcode: 2018001,
  fbtrace_id: 'FC3dOgmirnD' }
2018-01-17 14:32:18: 1648357358536150
2018-01-17 14:32:19: 303926986763806
2018-01-17 14:32:19: Error here:  { message: '(#100) No matching user found',
  type: 'OAuthException',
  code: 100,
  error_subcode: 2018001,
  fbtrace_id: 'D+9GT2Xy3If' }
2018-01-17 15:34:26: 1648357358536150
2018-01-17 15:34:27: 303926986763806
2018-01-17 15:34:28: Error here:  { message: '(#100) No matching user found',
  type: 'OAuthException',
  code: 100,
  error_subcode: 2018001,
  fbtrace_id: 'BStKXcXHtfp' }
2018-01-17 15:34:38: 1648357358536150
2018-01-17 15:34:42: 1648357358536150
2018-01-17 15:34:43: 303926986763806
2018-01-17 15:34:43: Error here:  { message: '(#100) No matching user found',
  type: 'OAuthException',
  code: 100,
  error_subcode: 2018001,
  fbtrace_id: 'G5cl7YuDxSj' }
2018-01-17 15:34:49: 1648357358536150
2018-01-17 15:34:50: 303926986763806
2018-01-17 15:34:50: Error here:  { message: '(#100) No matching user found',
  type: 'OAuthException',
  code: 100,
  error_subcode: 2018001,
  fbtrace_id: 'EyVz2OX2NrT' }
2018-01-17 15:34:52: 1648357358536150
2018-01-17 15:34:53: 303926986763806
2018-01-17 15:34:53: Error here:  { message: '(#100) No matching user found',
  type: 'OAuthException',
  code: 100,
  error_subcode: 2018001,
  fbtrace_id: 'HalHhdqOyh0' }
2018-01-17 15:35:01: 1648357358536150
2018-01-17 15:35:03: 303926986763806
2018-01-17 15:35:03: Error here:  { message: '(#100) No matching user found',
  type: 'OAuthException',
  code: 100,
  error_subcode: 2018001,
  fbtrace_id: 'AsiAwqKIpaP' }
2018-01-17 15:40:13: 1841646342544648
2018-01-17 15:40:14: 303926986763806
2018-01-17 15:40:14: Error here:  { message: '(#100) No matching user found',
  type: 'OAuthException',
  code: 100,
  error_subcode: 2018001,
  fbtrace_id: 'DD+u6ci+MDU' }
2018-01-17 15:42:04: 1791044234303709
2018-01-17 15:42:06: 303926986763806
2018-01-17 15:42:06: Error here:  { message: '(#100) No matching user found',
  type: 'OAuthException',
  code: 100,
  error_subcode: 2018001,
  fbtrace_id: 'EuIljeXZtIn' }
2018-01-17 15:44:08: 1841646342544648
2018-01-17 15:44:09: 303926986763806
2018-01-17 15:44:09: Error here:  { message: '(#100) No matching user found',
  type: 'OAuthException',
  code: 100,
  error_subcode: 2018001,
  fbtrace_id: 'Hbzxr+vDEru' }
2018-01-17 15:44:31: 1841646342544648
2018-01-17 15:44:32: 303926986763806
2018-01-17 15:44:32: Error here:  { message: '(#100) No matching user found',
  type: 'OAuthException',
  code: 100,
  error_subcode: 2018001,
  fbtrace_id: 'GcHH7uF2m9Q' }
2018-01-17 15:49:36: 1791044234303709
2018-01-17 15:49:37: 303926986763806
2018-01-17 15:49:37: Error here:  { message: '(#100) No matching user found',
  type: 'OAuthException',
  code: 100,
  error_subcode: 2018001,
  fbtrace_id: 'GNR2/V8+Ugp' }
2018-01-17 15:49:42: 1791044234303709
2018-01-17 15:49:43: 303926986763806
2018-01-17 15:49:43: Error here:  { message: '(#100) No matching user found',
  type: 'OAuthException',
  code: 100,
  error_subcode: 2018001,
  fbtrace_id: 'EPxvzR0BgK1' }
2018-01-17 15:49:55: 1791044234303709
2018-01-17 15:49:56: 303926986763806
2018-01-17 15:49:57: Error here:  { message: '(#100) No matching user found',
  type: 'OAuthException',
  code: 100,
  error_subcode: 2018001,
  fbtrace_id: 'FWPeslT484U' }
2018-01-18 12:01:03: Inside index.js
2018-01-18 12:01:04: Inside index.js
2018-01-18 12:01:04: Inside index.js
2018-01-18 12:01:05: Inside index.js
2018-01-18 12:01:05: Inside index.js
2018-01-18 12:01:06: Inside index.js
2018-01-18 12:01:06: Inside index.js
2018-01-18 12:01:06: Inside index.js
2018-01-18 12:01:07: Inside index.js
2018-01-18 12:01:07: Inside index.js
2018-01-18 12:01:08: Inside index.js
2018-01-18 12:01:08: Inside index.js
2018-01-18 12:01:08: Inside index.js
2018-01-18 12:01:09: Inside index.js
2018-01-18 12:01:09: Inside index.js
2018-01-18 12:01:10: Inside index.js
2018-01-18 12:01:10: Inside index.js
2018-01-18 12:01:10: Inside index.js
2018-01-18 12:01:11: Inside index.js
2018-01-18 12:01:11: Inside index.js
2018-01-18 12:01:11: Inside index.js
2018-01-18 12:01:12: Inside index.js
2018-01-18 12:01:12: Inside index.js
2018-01-18 12:01:13: Inside index.js
2018-01-18 12:01:13: Inside index.js
2018-01-18 12:01:13: Inside index.js
2018-01-18 12:01:14: Inside index.js
2018-01-18 12:01:14: Inside index.js
2018-01-18 12:01:15: Inside index.js
2018-01-18 12:01:15: Inside index.js
2018-01-18 12:01:15: Inside index.js
2018-01-18 12:01:16: Inside index.js
2018-01-18 12:01:16: Inside index.js
2018-01-18 12:01:17: Inside index.js
2018-01-18 12:01:17: Inside index.js
2018-01-18 12:01:17: Inside index.js
2018-01-18 12:01:18: Inside index.js
2018-01-18 12:01:19: Inside index.js
2018-01-18 12:01:19: Inside index.js
2018-01-18 12:01:19: Inside index.js
2018-01-18 12:01:20: Inside index.js
2018-01-18 12:01:20: Inside index.js
2018-01-18 12:01:21: Inside index.js
2018-01-18 12:01:21: Inside index.js
2018-01-18 12:01:21: Inside index.js
2018-01-18 12:01:22: Inside index.js
2018-01-18 12:01:23: Inside index.js
2018-01-18 12:01:23: Inside index.js
2018-01-18 12:01:24: Inside index.js
2018-01-18 12:01:24: Inside index.js
2018-01-18 12:01:25: Inside index.js
2018-01-18 12:01:25: Inside index.js
2018-01-18 12:01:26: Inside index.js
2018-01-18 12:01:26: Inside index.js
2018-01-18 12:01:27: Inside index.js
2018-01-18 12:01:27: Inside index.js
2018-01-18 12:01:27: Inside index.js
2018-01-18 12:01:28: Inside index.js
2018-01-18 12:01:28: Inside index.js
2018-01-18 12:01:28: Inside index.js
2018-01-18 12:01:29: Inside index.js
2018-01-18 12:01:29: Inside index.js
2018-01-18 12:01:30: Inside index.js
2018-01-18 12:01:30: Inside index.js
2018-01-18 12:01:31: Inside index.js
2018-01-18 12:01:31: Inside index.js
2018-01-18 12:01:31: Inside index.js
2018-01-18 12:01:32: Inside index.js
2018-01-18 12:01:32: Inside index.js
2018-01-18 12:01:33: Inside index.js
2018-01-18 12:01:33: Inside index.js
2018-01-18 12:01:33: Inside index.js
2018-01-18 12:01:34: Inside index.js
2018-01-18 12:01:34: Inside index.js
2018-01-18 12:01:35: Inside index.js
2018-01-18 12:01:35: Inside index.js
2018-01-18 12:01:35: Inside index.js
2018-01-18 12:01:36: Inside index.js
2018-01-18 12:01:36: Inside index.js
2018-01-18 12:01:36: Inside index.js
2018-01-18 12:01:37: Inside index.js
2018-01-18 12:01:37: Inside index.js
2018-01-18 12:01:38: Inside index.js
2018-01-18 12:01:38: Inside index.js
2018-01-18 12:01:38: Inside index.js
2018-01-18 12:01:39: Inside index.js
2018-01-18 12:01:39: Inside index.js
2018-01-18 12:01:40: Inside index.js
2018-01-18 12:01:40: Inside index.js
2018-01-18 12:01:40: Inside index.js
2018-01-18 12:01:41: Inside index.js
2018-01-18 12:01:41: Inside index.js
2018-01-18 12:01:42: Inside index.js
2018-01-18 12:01:42: Inside index.js
2018-01-18 12:01:42: Inside index.js
2018-01-18 12:01:43: Inside index.js
2018-01-18 12:01:43: Inside index.js
2018-01-18 12:01:44: Inside index.js
2018-01-18 12:01:44: Inside index.js
2018-01-18 12:01:44: Inside index.js
2018-01-18 12:01:45: Inside index.js
2018-01-18 12:01:45: Inside index.js
2018-01-18 12:01:46: Inside index.js
2018-01-18 12:01:46: Inside index.js
2018-01-18 12:01:46: Inside index.js
2018-01-18 12:01:47: Inside index.js
2018-01-18 12:01:47: Inside index.js
2018-01-18 12:01:48: Inside index.js
2018-01-18 12:01:49: Inside index.js
2018-01-18 12:01:49: Inside index.js
2018-01-18 12:01:50: Inside index.js
2018-01-18 12:01:50: Inside index.js
2018-01-18 12:01:51: Inside index.js
2018-01-18 12:01:51: Inside index.js
2018-01-18 12:01:52: Inside index.js
2018-01-18 12:01:52: Inside index.js
2018-01-18 12:01:52: Inside index.js
2018-01-18 12:01:53: Inside index.js
2018-01-18 12:01:53: Inside index.js
2018-01-18 12:01:54: Inside index.js
2018-01-18 12:01:54: Inside index.js
2018-01-18 12:01:54: Inside index.js
2018-01-18 12:01:55: Inside index.js
2018-01-18 12:01:55: Inside index.js
2018-01-18 12:01:56: Inside index.js
2018-01-18 12:01:56: Inside index.js
2018-01-18 12:01:56: Inside index.js
2018-01-18 12:01:57: Inside index.js
2018-01-18 12:01:57: Inside index.js
2018-01-18 12:01:57: Inside index.js
2018-01-18 12:01:58: Inside index.js
2018-01-18 12:01:58: Inside index.js
2018-01-18 12:01:59: Inside index.js
2018-01-18 12:01:59: Inside index.js
2018-01-18 12:02:00: Inside index.js
2018-01-18 12:02:00: Inside index.js
2018-01-18 12:02:00: Inside index.js
2018-01-18 12:02:01: Inside index.js
2018-01-18 12:02:01: Inside index.js
2018-01-18 12:02:02: Inside index.js
2018-01-18 12:02:02: Inside index.js
2018-01-18 12:02:02: Inside index.js
2018-01-18 12:02:03: Inside index.js
2018-01-18 12:02:03: Inside index.js
2018-01-18 12:02:04: Inside index.js
2018-01-18 12:02:04: Inside index.js
2018-01-18 12:02:04: Inside index.js
2018-01-18 12:02:05: Inside index.js
2018-01-18 12:02:05: Inside index.js
2018-01-18 12:02:05: Inside index.js
2018-01-18 12:02:06: Inside index.js
2018-01-18 12:02:06: Inside index.js
2018-01-18 12:02:07: Inside index.js
2018-01-18 12:02:07: Inside index.js
2018-01-18 12:02:07: Inside index.js
2018-01-18 12:02:08: Inside index.js
2018-01-18 12:02:08: Inside index.js
2018-01-18 12:02:09: Inside index.js
2018-01-18 12:02:09: Inside index.js
2018-01-18 12:02:09: Inside index.js
2018-01-18 12:02:10: Inside index.js
2018-01-18 12:02:10: Inside index.js
2018-01-18 12:02:10: Inside index.js
2018-01-18 12:02:11: Inside index.js
2018-01-18 12:02:11: Inside index.js
2018-01-18 12:02:12: Inside index.js
2018-01-18 12:02:12: Inside index.js
2018-01-18 12:02:13: Inside index.js
2018-01-18 12:02:13: Inside index.js
2018-01-18 12:02:13: Inside index.js
2018-01-18 12:02:14: Inside index.js
2018-01-18 12:02:14: Inside index.js
2018-01-18 12:02:15: Inside index.js
2018-01-18 12:02:15: Inside index.js
2018-01-18 12:02:15: Inside index.js
2018-01-18 12:02:16: Inside index.js
2018-01-18 12:02:16: Inside index.js
2018-01-18 12:02:16: Inside index.js
2018-01-18 12:02:17: Inside index.js
2018-01-18 12:02:17: Inside index.js
2018-01-18 12:02:18: Inside index.js
2018-01-18 12:02:18: Inside index.js
2018-01-18 12:02:18: Inside index.js
2018-01-18 12:02:19: Inside index.js
2018-01-18 12:02:19: Inside index.js
2018-01-18 12:02:20: Inside index.js
2018-01-18 12:02:20: Inside index.js
2018-01-18 12:02:20: Inside index.js
2018-01-18 12:02:21: Inside index.js
2018-01-18 12:02:21: Inside index.js
2018-01-18 12:02:21: Inside index.js
2018-01-18 12:02:22: Inside index.js
2018-01-18 12:02:22: Inside index.js
2018-01-18 12:02:23: Inside index.js
2018-01-18 12:02:23: Inside index.js
2018-01-18 12:02:23: Inside index.js
2018-01-18 12:02:24: Inside index.js
2018-01-18 12:02:24: Inside index.js
2018-01-18 12:02:25: Inside index.js
2018-01-18 12:02:25: Inside index.js
2018-01-18 12:02:26: Inside index.js
2018-01-18 12:02:27: Inside index.js
2018-01-18 12:02:27: Inside index.js
2018-01-18 12:02:27: Inside index.js
2018-01-18 12:02:28: Inside index.js
2018-01-18 12:02:28: Inside index.js
2018-01-18 12:02:29: Inside index.js
2018-01-18 12:02:29: Inside index.js
2018-01-18 12:02:29: Inside index.js
2018-01-18 12:02:30: Inside index.js
2018-01-18 12:02:31: Inside index.js
2018-01-18 12:02:31: Inside index.js
2018-01-18 12:02:31: Inside index.js
2018-01-18 12:02:32: Inside index.js
2018-01-18 12:02:33: Inside index.js
2018-01-18 12:02:33: Inside index.js
2018-01-18 12:02:34: Inside index.js
2018-01-18 12:02:34: Inside index.js
2018-01-18 12:02:35: Inside index.js
2018-01-18 12:02:35: Inside index.js
2018-01-18 12:02:36: Inside index.js
2018-01-18 12:02:36: Inside index.js
2018-01-18 12:02:36: Inside index.js
2018-01-18 12:02:37: Inside index.js
2018-01-18 12:02:37: Inside index.js
2018-01-18 12:02:38: Inside index.js
2018-01-18 12:02:38: Inside index.js
2018-01-18 12:02:39: Inside index.js
2018-01-18 12:02:39: Inside index.js
2018-01-18 12:02:39: Inside index.js
2018-01-18 12:02:40: Inside index.js
2018-01-18 12:02:41: Inside index.js
2018-01-18 12:02:41: Inside index.js
2018-01-18 12:02:42: Inside index.js
2018-01-18 12:02:42: Inside index.js
2018-01-18 12:02:43: Inside index.js
2018-01-18 12:02:43: Inside index.js
2018-01-18 12:02:43: Inside index.js
2018-01-18 12:02:44: Inside index.js
2018-01-18 12:02:44: Inside index.js
2018-01-18 12:02:44: Inside index.js
2018-01-18 12:02:45: Inside index.js
2018-01-18 12:02:45: Inside index.js
2018-01-18 12:02:46: Inside index.js
2018-01-18 12:02:46: Inside index.js
2018-01-18 12:02:46: Inside index.js
2018-01-18 12:02:47: Inside index.js
2018-01-18 12:02:47: Inside index.js
2018-01-18 12:02:48: Inside index.js
2018-01-18 12:02:48: Inside index.js
2018-01-18 12:02:48: Inside index.js
2018-01-18 12:02:49: Inside index.js
2018-01-18 12:02:49: Inside index.js
2018-01-18 12:02:49: Inside index.js
2018-01-18 12:02:50: Inside index.js
2018-01-18 12:02:50: Inside index.js
2018-01-18 12:02:51: Inside index.js
2018-01-18 12:02:51: Inside index.js
2018-01-18 12:02:51: Inside index.js
2018-01-18 12:02:52: Inside index.js
2018-01-18 12:02:52: Inside index.js
2018-01-18 12:02:53: Inside index.js
2018-01-18 12:02:53: Inside index.js
2018-01-18 12:02:53: Inside index.js
2018-01-18 12:02:54: Inside index.js
2018-01-18 12:02:54: Inside index.js
2018-01-18 12:02:54: Inside index.js
2018-01-18 12:02:55: Inside index.js
2018-01-18 12:02:55: Inside index.js
2018-01-18 12:02:56: Inside index.js
2018-01-18 12:02:56: Inside index.js
2018-01-18 12:02:56: Inside index.js
2018-01-18 12:02:57: Inside index.js
2018-01-18 12:02:57: Inside index.js
2018-01-18 12:02:57: Inside index.js
2018-01-18 12:02:58: Inside index.js
2018-01-18 12:02:58: Inside index.js
2018-01-18 12:02:59: Inside index.js
2018-01-18 12:02:59: Inside index.js
2018-01-18 12:02:59: Inside index.js
2018-01-18 12:03:00: Inside index.js
2018-01-18 12:03:00: Inside index.js
2018-01-18 12:03:00: Inside index.js
2018-01-18 12:03:01: Inside index.js
2018-01-18 12:03:01: Inside index.js
2018-01-18 12:03:02: Inside index.js
2018-01-18 12:03:02: Inside index.js
2018-01-18 12:03:02: Inside index.js
2018-01-18 12:03:03: Inside index.js
2018-01-18 12:03:03: Inside index.js
2018-01-18 12:03:03: Inside index.js
2018-01-18 12:03:04: Inside index.js
2018-01-18 12:03:04: Inside index.js
2018-01-18 12:03:05: Inside index.js
2018-01-18 12:03:05: Inside index.js
2018-01-18 12:03:06: Inside index.js
2018-01-18 12:03:06: Inside index.js
2018-01-18 12:03:06: Inside index.js
2018-01-18 12:03:07: Inside index.js
2018-01-18 12:03:07: Inside index.js
2018-01-18 12:03:08: Inside index.js
2018-01-18 12:03:08: Inside index.js
2018-01-18 12:03:09: Inside index.js
2018-01-18 12:03:09: Inside index.js
2018-01-18 12:03:09: Inside index.js
2018-01-18 12:03:10: Inside index.js
2018-01-18 12:03:11: Inside index.js
2018-01-18 12:03:11: Inside index.js
2018-01-18 12:03:12: Inside index.js
2018-01-18 12:03:12: Inside index.js
2018-01-18 12:03:12: Inside index.js
2018-01-18 12:03:13: Inside index.js
2018-01-18 12:03:13: Inside index.js
2018-01-18 12:03:14: Inside index.js
2018-01-18 12:03:14: Inside index.js
2018-01-18 12:03:14: Inside index.js
2018-01-18 12:03:15: Inside index.js
2018-01-18 12:03:15: Inside index.js
2018-01-18 12:03:15: Inside index.js
2018-01-18 12:03:16: Inside index.js
2018-01-18 12:03:16: Inside index.js
2018-01-18 12:03:17: Inside index.js
2018-01-18 12:03:17: Inside index.js
2018-01-18 12:03:17: Inside index.js
2018-01-18 12:03:18: Inside index.js
2018-01-18 12:03:18: Inside index.js
2018-01-18 12:03:19: Inside index.js
2018-01-18 12:03:19: Inside index.js
2018-01-18 12:03:19: Inside index.js
2018-01-18 12:03:20: Inside index.js
2018-01-18 12:03:20: Inside index.js
2018-01-18 12:03:21: Inside index.js
2018-01-18 12:03:21: Inside index.js
2018-01-18 12:03:21: Inside index.js
2018-01-18 12:03:22: Inside index.js
2018-01-18 12:03:22: Inside index.js
2018-01-18 12:03:23: Inside index.js
2018-01-18 12:03:23: Inside index.js
2018-01-18 12:03:24: Inside index.js
2018-01-18 12:03:24: Inside index.js
2018-01-18 12:03:25: Inside index.js
2018-01-18 12:03:25: Inside index.js
2018-01-18 12:03:26: Inside index.js
2018-01-18 12:03:26: Inside index.js
2018-01-18 12:03:27: Inside index.js
2018-01-18 12:03:27: Inside index.js
2018-01-18 12:03:28: Inside index.js
2018-01-18 12:03:28: Inside index.js
2018-01-18 12:03:28: Inside index.js
2018-01-18 12:03:29: Inside index.js
2018-01-18 12:03:29: Inside index.js
2018-01-18 12:03:30: Inside index.js
2018-01-18 12:03:30: Inside index.js
2018-01-18 12:03:30: Inside index.js
2018-01-18 12:03:31: Inside index.js
2018-01-18 12:03:31: Inside index.js
2018-01-18 12:03:31: Inside index.js
2018-01-18 12:03:32: Inside index.js
2018-01-18 12:03:32: Inside index.js
2018-01-18 12:03:33: Inside index.js
2018-01-18 12:03:33: Inside index.js
2018-01-18 12:03:34: Inside index.js
2018-01-18 12:03:34: Inside index.js
2018-01-18 12:03:35: Inside index.js
2018-01-18 12:03:35: Inside index.js
2018-01-18 12:03:35: Inside index.js
2018-01-18 12:03:36: Inside index.js
2018-01-18 12:03:36: Inside index.js
2018-01-18 12:03:37: Inside index.js
2018-01-18 12:03:37: Inside index.js
2018-01-18 12:03:37: Inside index.js
2018-01-18 12:03:38: Inside index.js
2018-01-18 12:03:38: Inside index.js
2018-01-18 12:03:39: Inside index.js
2018-01-18 12:03:39: Inside index.js
2018-01-18 12:03:39: Inside index.js
2018-01-18 12:03:40: Inside index.js
2018-01-18 12:03:40: Inside index.js
2018-01-18 12:03:41: Inside index.js
2018-01-18 12:03:41: Inside index.js
2018-01-18 12:03:41: Inside index.js
2018-01-18 12:03:42: Inside index.js
2018-01-18 12:03:42: Inside index.js
2018-01-18 12:03:42: Inside index.js
2018-01-18 12:03:43: Inside index.js
2018-01-18 12:03:43: Inside index.js
2018-01-18 12:03:44: Inside index.js
2018-01-18 12:03:44: Inside index.js
2018-01-18 12:03:44: Inside index.js
2018-01-18 12:03:45: Inside index.js
2018-01-18 12:03:45: Inside index.js
2018-01-18 12:03:46: Inside index.js
2018-01-18 12:03:46: Inside index.js
2018-01-18 12:03:47: Inside index.js
2018-01-18 12:03:47: Inside index.js
2018-01-18 12:03:47: Inside index.js
2018-01-18 12:03:48: Inside index.js
2018-01-18 12:03:48: Inside index.js
2018-01-18 12:03:49: Inside index.js
2018-01-18 12:03:49: Inside index.js
2018-01-18 12:03:49: Inside index.js
2018-01-18 12:03:50: Inside index.js
2018-01-18 12:03:50: Inside index.js
2018-01-18 12:03:50: Inside index.js
2018-01-18 12:03:51: Inside index.js
2018-01-18 12:03:51: Inside index.js
2018-01-18 12:03:52: Inside index.js
2018-01-18 12:03:52: Inside index.js
2018-01-18 12:03:53: Inside index.js
2018-01-18 12:03:53: Inside index.js
2018-01-18 12:03:54: Inside index.js
2018-01-18 12:03:54: Inside index.js
2018-01-18 12:03:55: Inside index.js
2018-01-18 12:03:55: Inside index.js
2018-01-18 12:03:56: Inside index.js
2018-01-18 12:03:56: Inside index.js
2018-01-18 12:03:57: Inside index.js
2018-01-18 12:03:57: Inside index.js
2018-01-18 12:03:57: Inside index.js
2018-01-18 12:03:58: Inside index.js
2018-01-18 12:03:58: Inside index.js
2018-01-18 12:03:59: Inside index.js
2018-01-18 12:03:59: Inside index.js
2018-01-18 12:04:00: Inside index.js
2018-01-18 12:04:00: Inside index.js
2018-01-18 12:04:01: Inside index.js
2018-01-18 12:04:01: Inside index.js
2018-01-18 12:04:01: Inside index.js
2018-01-18 12:04:02: Inside index.js
2018-01-18 12:04:02: Inside index.js
2018-01-18 12:04:02: Inside index.js
2018-01-18 12:04:03: Inside index.js
2018-01-18 12:04:03: Inside index.js
2018-01-18 12:04:04: Inside index.js
2018-01-18 12:04:04: Inside index.js
2018-01-18 12:04:04: Inside index.js
2018-01-18 12:04:05: Inside index.js
2018-01-18 12:04:05: Inside index.js
2018-01-18 12:04:06: Inside index.js
2018-01-18 12:04:06: Inside index.js
2018-01-18 12:04:07: Inside index.js
2018-01-18 12:04:07: Inside index.js
2018-01-18 12:04:07: Inside index.js
2018-01-18 12:04:08: Inside index.js
2018-01-18 12:04:08: Inside index.js
2018-01-18 12:04:09: Inside index.js
2018-01-18 12:04:09: Inside index.js
2018-01-18 12:04:09: Inside index.js
2018-01-18 12:04:10: Inside index.js
2018-01-18 12:04:10: Inside index.js
2018-01-18 12:04:11: Inside index.js
2018-01-18 12:04:11: Inside index.js
2018-01-18 12:04:11: Inside index.js
2018-01-18 12:04:12: Inside index.js
2018-01-18 12:04:12: Inside index.js
2018-01-18 12:04:13: Inside index.js
2018-01-18 12:04:13: Inside index.js
2018-01-18 12:04:13: Inside index.js
2018-01-18 12:04:14: Inside index.js
2018-01-18 12:04:14: Inside index.js
2018-01-18 12:04:15: Inside index.js
2018-01-18 12:04:16: Inside index.js
2018-01-18 12:04:16: Inside index.js
2018-01-18 12:04:16: Inside index.js
2018-01-18 12:04:17: Inside index.js
2018-01-18 12:04:17: Inside index.js
2018-01-18 12:04:17: Inside index.js
2018-01-18 12:04:18: Inside index.js
2018-01-18 12:04:18: Inside index.js
2018-01-18 12:04:19: Inside index.js
2018-01-18 12:04:19: Inside index.js
2018-01-18 12:04:20: Inside index.js
2018-01-18 12:04:20: Inside index.js
2018-01-18 12:04:20: Inside index.js
2018-01-18 12:04:21: Inside index.js
2018-01-18 12:04:21: Inside index.js
2018-01-18 12:04:22: Inside index.js
2018-01-18 12:04:22: Inside index.js
2018-01-18 12:04:22: Inside index.js
2018-01-18 12:04:23: Inside index.js
2018-01-18 12:04:23: Inside index.js
2018-01-18 12:04:24: Inside index.js
2018-01-18 12:04:24: Inside index.js
2018-01-18 12:04:24: Inside index.js
2018-01-18 12:04:25: Inside index.js
2018-01-18 12:04:25: Inside index.js
2018-01-18 12:04:25: Inside index.js
2018-01-18 12:04:26: Inside index.js
2018-01-18 12:04:26: Inside index.js
2018-01-18 12:04:27: Inside index.js
2018-01-18 12:04:27: Inside index.js
2018-01-18 12:04:28: Inside index.js
2018-01-18 12:04:28: Inside index.js
2018-01-18 12:04:28: Inside index.js
2018-01-18 12:04:29: Inside index.js
2018-01-18 12:04:29: Inside index.js
2018-01-18 12:04:30: Inside index.js
2018-01-18 12:04:30: Inside index.js
2018-01-18 12:04:30: Inside index.js
2018-01-18 12:04:31: Inside index.js
